<?xml version="1.0" encoding="UTF-8"?>
<!-- Generated by org.testng.reporters.JUnitXMLReporter -->
<testsuite ignored="0" hostname="karthic" failures="1" tests="1" name="test2" time="7.831" errors="0" timestamp="2024-04-12T17:34:55 IST">
  <testcase classname="com.alphaShoppee.adminModule.ManageTheInsertedProductTest" name="manageTheInsertedProductTest" time="3.829">
    <failure type="java.lang.AssertionError" message="null">
      <![CDATA[java.lang.AssertionError: null
at com.alphaShoppee.adminModule.ManageTheInsertedProductTest.manageTheInsertedProductTest(ManageTheInsertedProductTest.java:36)
at java.base/java.util.ArrayList.forEach(ArrayList.java:1511)
at java.base/java.util.concurrent.FutureTask.run(FutureTask.java:264)
at java.base/java.util.concurrent.ThreadPoolExecutor.runWorker(ThreadPoolExecutor.java:1136)
at java.base/java.util.concurrent.ThreadPoolExecutor$Worker.run(ThreadPoolExecutor.java:635)
at java.base/java.lang.Thread.run(Thread.java:842)
... Removed 19 stack frames]]>
    </failure>
  </testcase> <!-- manageTheInsertedProductTest -->
</testsuite> <!-- test2 -->
